16:04:37.091 [TestNG-tests-2] INFO  E2EFrameworkSample.samplePOMProject.SearchWithNoResultsTest - Result bar is not displayed- as expected
16:04:37.460 [TestNG-tests-4] INFO  E2EFrameworkSample.samplePOMProject.SearchWithResultsTest - Result bar is displayed. There were results!
16:04:41.116 [TestNG-tests-4] INFO  E2EFrameworkSample.samplePOMProject.SearchWithResultsTest - Navigated to item details
16:12:32.635 [main] INFO  E2EFrameworkSample.samplePOMProject.SearchWithNoResultsTest - Search field is populated with text
16:12:33.865 [main] INFO  E2EFrameworkSample.samplePOMProject.SearchWithNoResultsTest - Result bar is not displayed- as expected
16:23:34.543 [main] INFO  E2EFrameworkSample.samplePOMProject.SearchWithResultsTest - Navigated to url
16:23:35.814 [main] INFO  E2EFrameworkSample.samplePOMProject.SearchWithResultsTest - Email is provided
16:24:12.086 [main] INFO  E2EFrameworkSample.samplePOMProject.SearchWithResultsTest - Navigated to url
16:24:13.233 [main] INFO  E2EFrameworkSample.samplePOMProject.SearchWithResultsTest - Email is provided
16:30:27.603 [main] INFO  E2EFrameworkSample.samplePOMProject.SearchWithResultsTest - Navigated to url
16:30:28.800 [main] INFO  E2EFrameworkSample.samplePOMProject.SearchWithResultsTest - Email is provided
16:30:29.510 [main] INFO  E2EFrameworkSample.samplePOMProject.SearchWithResultsTest - Password is provided
16:35:02.387 [main] INFO  E2EFrameworkSample.samplePOMProject.SearchWithResultsTest - Navigated to url
16:35:07.452 [main] INFO  E2EFrameworkSample.samplePOMProject.SearchWithResultsTest - Email is provided
16:35:44.686 [main] INFO  E2EFrameworkSample.samplePOMProject.SearchWithResultsTest - Navigated to url
16:35:47.299 [main] INFO  E2EFrameworkSample.samplePOMProject.SearchWithResultsTest - Email is provided
16:35:47.998 [main] INFO  E2EFrameworkSample.samplePOMProject.SearchWithResultsTest - Password is provided
16:35:51.370 [main] INFO  E2EFrameworkSample.samplePOMProject.SearchWithResultsTest - Email is provided
16:41:05.301 [main] INFO  E2EFrameworkSample.samplePOMProject.SearchWithResultsTest - Navigated to url
16:41:07.954 [main] INFO  E2EFrameworkSample.samplePOMProject.SearchWithResultsTest - Email is provided
16:41:08.726 [main] INFO  E2EFrameworkSample.samplePOMProject.SearchWithResultsTest - Password is provided
16:41:12.066 [main] INFO  E2EFrameworkSample.samplePOMProject.SearchWithResultsTest - Email is provided
16:41:12.722 [main] INFO  E2EFrameworkSample.samplePOMProject.SearchWithResultsTest - Password is provided
16:45:58.685 [main] INFO  E2EFrameworkSample.samplePOMProject.SearchWithResultsTest - Navigated to url
16:46:01.273 [main] INFO  E2EFrameworkSample.samplePOMProject.SearchWithResultsTest - Email is provided
16:46:02.015 [main] INFO  E2EFrameworkSample.samplePOMProject.SearchWithResultsTest - Password is provided
16:46:15.867 [main] INFO  E2EFrameworkSample.samplePOMProject.SearchWithResultsTest - Email is provided
16:46:16.547 [main] INFO  E2EFrameworkSample.samplePOMProject.SearchWithResultsTest - Password is provided
16:47:09.125 [main] INFO  E2EFrameworkSample.samplePOMProject.SearchWithResultsTest - Navigated to url
16:47:11.994 [main] INFO  E2EFrameworkSample.samplePOMProject.SearchWithResultsTest - Email is provided
16:47:12.736 [main] INFO  E2EFrameworkSample.samplePOMProject.SearchWithResultsTest - Password is provided
16:48:02.736 [main] INFO  E2EFrameworkSample.samplePOMProject.SearchWithResultsTest - Navigated to url
16:48:05.345 [main] INFO  E2EFrameworkSample.samplePOMProject.SearchWithResultsTest - Email is provided
16:48:06.104 [main] INFO  E2EFrameworkSample.samplePOMProject.SearchWithResultsTest - Password is provided
16:48:09.791 [main] INFO  E2EFrameworkSample.samplePOMProject.SearchWithResultsTest - Email is provided
16:48:10.571 [main] INFO  E2EFrameworkSample.samplePOMProject.SearchWithResultsTest - Password is provided
16:48:27.293 [main] INFO  E2EFrameworkSample.samplePOMProject.SearchWithResultsTest - Navigated to url
16:48:29.973 [main] INFO  E2EFrameworkSample.samplePOMProject.SearchWithResultsTest - Email is provided
16:48:30.603 [main] INFO  E2EFrameworkSample.samplePOMProject.SearchWithResultsTest - Password is provided
16:48:33.643 [main] INFO  E2EFrameworkSample.samplePOMProject.SearchWithResultsTest - Email is provided
16:48:34.210 [main] INFO  E2EFrameworkSample.samplePOMProject.SearchWithResultsTest - Password is provided
19:42:14.526 [main] INFO  E2EFrameworkSample.samplePOMProject.AddToCartRandomItems - Navigated to url
19:54:56.323 [main] INFO  E2EFrameworkSample.samplePOMProject.AddToCartRandomItems - Navigated to url
19:57:19.613 [main] INFO  E2EFrameworkSample.samplePOMProject.AddToCartRandomItems - Navigated to url
20:00:08.890 [main] INFO  E2EFrameworkSample.samplePOMProject.AddToCartRandomItems - Navigated to url
20:10:28.856 [main] INFO  E2EFrameworkSample.samplePOMProject.AddToCartRandomItems - Navigated to url
20:14:14.381 [main] INFO  E2EFrameworkSample.samplePOMProject.AddToCartRandomItems - Navigated to url
20:16:37.748 [main] INFO  E2EFrameworkSample.samplePOMProject.AddToCartRandomItems - Navigated to url
20:17:59.652 [main] INFO  E2EFrameworkSample.samplePOMProject.AddToCartRandomItems - Navigated to url
20:21:01.473 [main] INFO  E2EFrameworkSample.samplePOMProject.AddToCartRandomItems - Navigated to url
20:22:34.285 [main] INFO  E2EFrameworkSample.samplePOMProject.AddToCartRandomItems - Navigated to url
20:25:35.904 [main] INFO  E2EFrameworkSample.samplePOMProject.AddToCartRandomItems - Navigated to url
20:26:52.168 [main] INFO  E2EFrameworkSample.samplePOMProject.AddToCartRandomItems - Navigated to url
20:30:59.908 [main] INFO  E2EFrameworkSample.samplePOMProject.AddToCartRandomItems - Navigated to url
20:31:45.280 [main] INFO  E2EFrameworkSample.samplePOMProject.AddToCartRandomItems - Navigated to url
20:33:34.998 [main] INFO  E2EFrameworkSample.samplePOMProject.AddToCartRandomItems - Navigated to url
20:34:25.651 [main] INFO  E2EFrameworkSample.samplePOMProject.AddToCartRandomItems - Navigated to url
20:46:54.034 [main] INFO  E2EFrameworkSample.samplePOMProject.AddToCartRandomItems - Navigated to url
20:57:40.937 [main] INFO  E2EFrameworkSample.samplePOMProject.AddToCartRandomItemsTest - Navigated to url
20:59:34.082 [main] INFO  E2EFrameworkSample.samplePOMProject.AddToCartRandomItemsTest - Navigated to url
21:04:26.311 [main] INFO  E2EFrameworkSample.samplePOMProject.AddToCartRandomItemsTest - Navigated to url
21:09:20.853 [main] INFO  E2EFrameworkSample.samplePOMProject.AddToCartRandomItemsTest - Navigated to url
21:10:55.244 [main] INFO  E2EFrameworkSample.samplePOMProject.AddToCartRandomItemsTest - Navigated to url
21:12:33.017 [main] INFO  E2EFrameworkSample.samplePOMProject.AddToCartRandomItemsTest - Navigated to url
21:24:19.512 [main] INFO  E2EFrameworkSample.samplePOMProject.AddToCartRandomItemsTest - Navigated to url
21:26:44.169 [main] INFO  E2EFrameworkSample.samplePOMProject.AddToCartRandomItemsTest - Navigated to url
21:31:05.285 [main] INFO  E2EFrameworkSample.samplePOMProject.AddToCartRandomItemsTest - Navigated to url
21:33:07.546 [main] INFO  E2EFrameworkSample.samplePOMProject.AddToCartRandomItemsTest - Navigated to url
21:34:53.808 [main] INFO  E2EFrameworkSample.samplePOMProject.AddToCartRandomItemsTest - Navigated to url
21:37:54.193 [main] INFO  E2EFrameworkSample.samplePOMProject.AddToCartRandomItemsTest - Navigated to url
21:41:20.618 [TestNG-tests-5] INFO  E2EFrameworkSample.samplePOMProject.LoginTest - Navigated to url
21:41:24.463 [TestNG-tests-3] INFO  E2EFrameworkSample.samplePOMProject.AddToListTest - Navigated to url
21:41:25.956 [TestNG-tests-4] INFO  E2EFrameworkSample.samplePOMProject.AddToCartRandomItemsTest - Navigated to url
21:41:30.069 [TestNG-tests-3] INFO  E2EFrameworkSample.samplePOMProject.AddToListTest - Search field is populated with text
21:41:31.426 [TestNG-tests-2] INFO  E2EFrameworkSample.samplePOMProject.SearchWithNoResultsTest - Search field is populated with text
21:41:31.541 [TestNG-tests-5] INFO  E2EFrameworkSample.samplePOMProject.LoginTest - Email is provided
21:41:32.600 [TestNG-tests-3] INFO  E2EFrameworkSample.samplePOMProject.AddToListTest - Result bar is diplayed. There were results!
21:41:33.103 [TestNG-tests-2] INFO  E2EFrameworkSample.samplePOMProject.SearchWithNoResultsTest - Result bar is not displayed- as expected
21:41:33.481 [TestNG-tests-5] INFO  E2EFrameworkSample.samplePOMProject.LoginTest - Password is provided
21:41:34.391 [TestNG-tests-1] INFO  E2EFrameworkSample.samplePOMProject.LoginTest - Navigated to url
21:41:35.036 [TestNG-tests-1] INFO  E2EFrameworkSample.samplePOMProject.HomePageTitleTest - Title of page is going to be verified
21:41:35.065 [TestNG-tests-1] INFO  E2EFrameworkSample.samplePOMProject.HomePageTitleTest - Title of page is verified
21:41:40.993 [TestNG-tests-4] INFO  E2EFrameworkSample.samplePOMProject.SearchWithResultsTest - Search field is populated with text
21:41:42.342 [TestNG-tests-1] INFO  E2EFrameworkSample.samplePOMProject.LoginTest - Email is provided
21:41:43.075 [TestNG-tests-5] INFO  E2EFrameworkSample.samplePOMProject.LoginTest - Email is provided
21:41:43.232 [TestNG-tests-4] INFO  E2EFrameworkSample.samplePOMProject.SearchWithResultsTest - Result bar is displayed. There were results!
21:41:43.940 [TestNG-tests-1] INFO  E2EFrameworkSample.samplePOMProject.LoginTest - Password is provided
21:41:44.162 [TestNG-tests-5] INFO  E2EFrameworkSample.samplePOMProject.LoginTest - Password is provided
21:41:44.975 [TestNG-tests-4] INFO  E2EFrameworkSample.samplePOMProject.SearchWithResultsTest - Navigated to item details
21:41:48.648 [TestNG-tests-1] INFO  E2EFrameworkSample.samplePOMProject.LoginTest - Email is provided
21:41:49.711 [TestNG-tests-1] INFO  E2EFrameworkSample.samplePOMProject.LoginTest - Password is provided
12:15:15.236 [TestNG-tests-5] INFO  E2EFrameworkSample.samplePOMProject.LoginTest - Navigated to url
12:15:20.004 [TestNG-tests-3] INFO  E2EFrameworkSample.samplePOMProject.AddToListTest - Navigated to url
12:15:20.957 [TestNG-tests-4] INFO  E2EFrameworkSample.samplePOMProject.AddToCartRandomItemsTest - Navigated to url
12:15:27.787 [TestNG-tests-3] INFO  E2EFrameworkSample.samplePOMProject.AddToListTest - Search field is populated with text
12:15:28.054 [TestNG-tests-5] INFO  E2EFrameworkSample.samplePOMProject.LoginTest - Email is provided
12:15:28.615 [TestNG-tests-2] INFO  E2EFrameworkSample.samplePOMProject.SearchWithNoResultsTest - Search field is populated with text
12:15:30.472 [TestNG-tests-5] INFO  E2EFrameworkSample.samplePOMProject.LoginTest - Password is provided
12:15:30.628 [TestNG-tests-3] INFO  E2EFrameworkSample.samplePOMProject.AddToListTest - Result bar is diplayed. There were results!
12:15:30.753 [TestNG-tests-2] INFO  E2EFrameworkSample.samplePOMProject.SearchWithNoResultsTest - Result bar is not displayed- as expected
12:15:32.192 [TestNG-tests-1] INFO  E2EFrameworkSample.samplePOMProject.LoginTest - Navigated to url
12:15:32.194 [TestNG-tests-1] INFO  E2EFrameworkSample.samplePOMProject.HomePageTitleTest - Title of page is going to be verified
12:15:32.290 [TestNG-tests-1] INFO  E2EFrameworkSample.samplePOMProject.HomePageTitleTest - Title of page is verified
12:15:38.885 [TestNG-tests-4] INFO  E2EFrameworkSample.samplePOMProject.SearchWithResultsTest - Search field is populated with text
12:15:39.672 [TestNG-tests-1] INFO  E2EFrameworkSample.samplePOMProject.LoginTest - Email is provided
12:15:40.153 [TestNG-tests-5] INFO  E2EFrameworkSample.samplePOMProject.LoginTest - Email is provided
12:15:41.488 [TestNG-tests-4] INFO  E2EFrameworkSample.samplePOMProject.SearchWithResultsTest - Result bar is displayed. There were results!
12:15:41.958 [TestNG-tests-5] INFO  E2EFrameworkSample.samplePOMProject.LoginTest - Password is provided
12:15:41.981 [TestNG-tests-1] INFO  E2EFrameworkSample.samplePOMProject.LoginTest - Password is provided
12:15:46.170 [TestNG-tests-4] INFO  E2EFrameworkSample.samplePOMProject.SearchWithResultsTest - Navigated to item details
12:15:46.897 [TestNG-tests-1] INFO  E2EFrameworkSample.samplePOMProject.LoginTest - Email is provided
12:15:47.919 [TestNG-tests-1] INFO  E2EFrameworkSample.samplePOMProject.LoginTest - Password is provided
12:17:32.423 [main] INFO  E2EFrameworkSample.samplePOMProject.AddToCartRandomItemsTest - Navigated to url
12:19:04.236 [main] INFO  E2EFrameworkSample.samplePOMProject.AddToCartRandomItemsTest - Navigated to url
12:21:26.555 [main] INFO  E2EFrameworkSample.samplePOMProject.AddToCartRandomItemsTest - Navigated to url
12:23:56.386 [main] INFO  E2EFrameworkSample.samplePOMProject.AddToCartRandomItemsTest - Navigated to url
21:36:09.737 [main] INFO  E2EFrameworkSample.samplePOMProject.AddToCartRandomItemsTest - Navigated to url
13:40:19.596 [TestNG-tests-5] INFO  E2EFrameworkSample.samplePOMProject.LoginTest - Navigated to url
13:40:27.644 [TestNG-tests-4] INFO  E2EFrameworkSample.samplePOMProject.AddToCartRandomItemsTest - Navigated to url
13:40:27.662 [TestNG-tests-3] INFO  E2EFrameworkSample.samplePOMProject.AddToListTest - Navigated to url
13:40:44.699 [TestNG-tests-3] INFO  E2EFrameworkSample.samplePOMProject.AddToListTest - Search field is populated with text
13:40:44.727 [TestNG-tests-2] INFO  E2EFrameworkSample.samplePOMProject.SearchWithNoResultsTest - Search field is populated with text
13:40:44.995 [TestNG-tests-1] INFO  E2EFrameworkSample.samplePOMProject.LoginTest - Navigated to url
13:40:44.999 [TestNG-tests-1] INFO  E2EFrameworkSample.samplePOMProject.HomePageTitleTest - Title of page is going to be verified
13:40:45.634 [TestNG-tests-1] INFO  E2EFrameworkSample.samplePOMProject.HomePageTitleTest - Title of page is verified
13:40:52.460 [TestNG-tests-2] INFO  E2EFrameworkSample.samplePOMProject.SearchWithNoResultsTest - Result bar is not displayed- as expected
13:40:55.647 [TestNG-tests-5] INFO  E2EFrameworkSample.samplePOMProject.LoginTest - Email is provided
13:40:55.725 [TestNG-tests-3] INFO  E2EFrameworkSample.samplePOMProject.AddToListTest - Result bar is diplayed. There were results!
13:41:01.219 [TestNG-tests-4] INFO  E2EFrameworkSample.samplePOMProject.SearchWithResultsTest - Search field is populated with text
13:41:05.693 [TestNG-tests-4] INFO  E2EFrameworkSample.samplePOMProject.SearchWithResultsTest - Result bar is displayed. There were results!
13:41:05.843 [TestNG-tests-5] INFO  E2EFrameworkSample.samplePOMProject.LoginTest - Password is provided
13:41:08.035 [TestNG-tests-1] INFO  E2EFrameworkSample.samplePOMProject.LoginTest - Email is provided
13:41:15.623 [TestNG-tests-1] INFO  E2EFrameworkSample.samplePOMProject.LoginTest - Password is provided
13:41:16.906 [TestNG-tests-4] INFO  E2EFrameworkSample.samplePOMProject.SearchWithResultsTest - Navigated to item details
13:41:21.408 [TestNG-tests-5] INFO  E2EFrameworkSample.samplePOMProject.LoginTest - Email is provided
13:41:24.770 [TestNG-tests-5] INFO  E2EFrameworkSample.samplePOMProject.LoginTest - Password is provided
13:41:29.136 [TestNG-tests-1] INFO  E2EFrameworkSample.samplePOMProject.LoginTest - Email is provided
13:41:31.993 [TestNG-tests-1] INFO  E2EFrameworkSample.samplePOMProject.LoginTest - Password is provided
13:44:58.116 [main] INFO  E2EFrameworkSample.samplePOMProject.LoginTest - Navigated to url
13:45:05.058 [main] INFO  E2EFrameworkSample.samplePOMProject.LoginTest - Email is provided
13:45:07.226 [main] INFO  E2EFrameworkSample.samplePOMProject.LoginTest - Password is provided
18:54:58.568 [main] INFO  E2EFrameworkSample.samplePOMProject.RestAssuredTest - Response has been printed!
22:10:12.239 [main] INFO  E2EFrameworkSample.samplePOMProject.RestAssuredTest - Response has been printed!
22:11:07.629 [main] INFO  E2EFrameworkSample.samplePOMProject.RestAssuredTest - Response has been printed!
21:05:03.681 [TestNG-tests-5] INFO  E2EFrameworkSample.samplePOMProject.LoginTest - Navigated to url
21:05:06.497 [TestNG-tests-3] INFO  E2EFrameworkSample.samplePOMProject.AddToListTest - Navigated to url
21:05:08.501 [TestNG-tests-4] INFO  E2EFrameworkSample.samplePOMProject.AddToCartRandomItemsTest - Navigated to url
21:05:10.349 [TestNG-tests-3] INFO  E2EFrameworkSample.samplePOMProject.AddToListTest - Search field is populated with text
21:05:14.336 [TestNG-tests-5] INFO  E2EFrameworkSample.samplePOMProject.LoginTest - Email is provided
21:05:14.571 [TestNG-tests-2] INFO  E2EFrameworkSample.samplePOMProject.SearchWithNoResultsTest - Search field is populated with text
21:05:14.624 [TestNG-tests-3] INFO  E2EFrameworkSample.samplePOMProject.AddToListTest - Result bar is diplayed. There were results!
21:05:16.242 [TestNG-tests-5] INFO  E2EFrameworkSample.samplePOMProject.LoginTest - Password is provided
21:05:17.153 [TestNG-tests-2] INFO  E2EFrameworkSample.samplePOMProject.SearchWithNoResultsTest - Result bar is not displayed- as expected
21:05:18.639 [TestNG-tests-1] INFO  E2EFrameworkSample.samplePOMProject.LoginTest - Navigated to url
21:05:18.646 [TestNG-tests-1] INFO  E2EFrameworkSample.samplePOMProject.HomePageTitleTest - Title of page is going to be verified
21:05:18.728 [TestNG-tests-1] INFO  E2EFrameworkSample.samplePOMProject.HomePageTitleTest - Title of page is verified
21:05:23.821 [TestNG-tests-5] INFO  E2EFrameworkSample.samplePOMProject.LoginTest - Email is provided
21:05:24.208 [TestNG-tests-4] INFO  E2EFrameworkSample.samplePOMProject.SearchWithResultsTest - Search field is populated with text
21:05:25.945 [TestNG-tests-5] INFO  E2EFrameworkSample.samplePOMProject.LoginTest - Password is provided
21:05:26.034 [TestNG-tests-1] INFO  E2EFrameworkSample.samplePOMProject.LoginTest - Email is provided
21:05:26.683 [TestNG-tests-4] INFO  E2EFrameworkSample.samplePOMProject.SearchWithResultsTest - Result bar is displayed. There were results!
21:05:27.865 [TestNG-tests-1] INFO  E2EFrameworkSample.samplePOMProject.LoginTest - Password is provided
21:05:30.899 [TestNG-tests-4] INFO  E2EFrameworkSample.samplePOMProject.SearchWithResultsTest - Navigated to item details
20:07:51.927 [TestNG-tests-5] INFO  E2EFrameworkSample.samplePOMProject.LoginTest - Navigated to url
20:07:56.053 [TestNG-tests-4] INFO  E2EFrameworkSample.samplePOMProject.AddToCartRandomItemsTest - Navigated to url
20:07:56.790 [TestNG-tests-3] INFO  E2EFrameworkSample.samplePOMProject.AddToListTest - Navigated to url
20:08:01.832 [TestNG-tests-2] INFO  E2EFrameworkSample.samplePOMProject.SearchWithNoResultsTest - Search field is populated with text
20:08:01.996 [TestNG-tests-3] INFO  E2EFrameworkSample.samplePOMProject.AddToListTest - Search field is populated with text
20:08:02.412 [TestNG-tests-5] INFO  E2EFrameworkSample.samplePOMProject.LoginTest - Email is provided
20:08:03.632 [TestNG-tests-1] INFO  E2EFrameworkSample.samplePOMProject.LoginTest - Navigated to url
20:08:03.635 [TestNG-tests-1] INFO  E2EFrameworkSample.samplePOMProject.HomePageTitleTest - Title of page is going to be verified
20:08:03.868 [TestNG-tests-1] INFO  E2EFrameworkSample.samplePOMProject.HomePageTitleTest - Title of page is verified
20:08:04.671 [TestNG-tests-2] INFO  E2EFrameworkSample.samplePOMProject.SearchWithNoResultsTest - Result bar is not displayed- as expected
20:08:07.296 [TestNG-tests-3] INFO  E2EFrameworkSample.samplePOMProject.AddToListTest - Result bar is diplayed. There were results!
20:08:07.753 [TestNG-tests-5] INFO  E2EFrameworkSample.samplePOMProject.LoginTest - Password is provided
20:08:12.612 [TestNG-tests-1] INFO  E2EFrameworkSample.samplePOMProject.LoginTest - Email is provided
20:08:12.691 [TestNG-tests-4] INFO  E2EFrameworkSample.samplePOMProject.SearchWithResultsTest - Search field is populated with text
20:08:14.777 [TestNG-tests-5] INFO  E2EFrameworkSample.samplePOMProject.LoginTest - Email is provided
20:08:14.950 [TestNG-tests-1] INFO  E2EFrameworkSample.samplePOMProject.LoginTest - Password is provided
20:08:15.527 [TestNG-tests-4] INFO  E2EFrameworkSample.samplePOMProject.SearchWithResultsTest - Result bar is displayed. There were results!
20:08:16.228 [TestNG-tests-5] INFO  E2EFrameworkSample.samplePOMProject.LoginTest - Password is provided
20:08:19.693 [TestNG-tests-1] INFO  E2EFrameworkSample.samplePOMProject.LoginTest - Email is provided
20:08:20.440 [TestNG-tests-1] INFO  E2EFrameworkSample.samplePOMProject.LoginTest - Password is provided
20:08:20.537 [TestNG-tests-4] INFO  E2EFrameworkSample.samplePOMProject.SearchWithResultsTest - Navigated to item details
13:50:57.119 [TestNG-tests-5] INFO  E2EFrameworkSample.samplePOMProject.LoginTest - Navigated to url
13:51:02.618 [TestNG-tests-4] INFO  E2EFrameworkSample.samplePOMProject.AddToCartRandomItemsTest - Navigated to url
13:51:03.370 [TestNG-tests-3] INFO  E2EFrameworkSample.samplePOMProject.AddToListTest - Navigated to url
13:51:09.425 [TestNG-tests-3] INFO  E2EFrameworkSample.samplePOMProject.AddToListTest - Search field is populated with text
13:51:09.483 [TestNG-tests-5] INFO  E2EFrameworkSample.samplePOMProject.LoginTest - Email is provided
13:51:09.743 [TestNG-tests-2] INFO  E2EFrameworkSample.samplePOMProject.SearchWithNoResultsTest - Search field is populated with text
13:51:10.351 [TestNG-tests-2] INFO  E2EFrameworkSample.samplePOMProject.SearchWithNoResultsTest - Result bar is not displayed- as expected
13:51:12.351 [TestNG-tests-3] INFO  E2EFrameworkSample.samplePOMProject.AddToListTest - Result bar is diplayed. There were results!
13:51:12.419 [TestNG-tests-5] INFO  E2EFrameworkSample.samplePOMProject.LoginTest - Password is provided
13:51:13.502 [TestNG-tests-1] INFO  E2EFrameworkSample.samplePOMProject.LoginTest - Navigated to url
13:51:13.504 [TestNG-tests-1] INFO  E2EFrameworkSample.samplePOMProject.HomePageTitleTest - Title of page is going to be verified
13:51:13.537 [TestNG-tests-1] INFO  E2EFrameworkSample.samplePOMProject.HomePageTitleTest - Title of page is verified
13:51:22.803 [TestNG-tests-1] INFO  E2EFrameworkSample.samplePOMProject.LoginTest - Email is provided
13:51:23.179 [TestNG-tests-5] INFO  E2EFrameworkSample.samplePOMProject.LoginTest - Email is provided
13:51:24.075 [TestNG-tests-4] INFO  E2EFrameworkSample.samplePOMProject.SearchWithResultsTest - Search field is populated with text
13:51:24.798 [TestNG-tests-1] INFO  E2EFrameworkSample.samplePOMProject.LoginTest - Password is provided
13:51:24.903 [TestNG-tests-5] INFO  E2EFrameworkSample.samplePOMProject.LoginTest - Password is provided
13:51:27.067 [TestNG-tests-4] INFO  E2EFrameworkSample.samplePOMProject.SearchWithResultsTest - Result bar is displayed. There were results!
13:51:29.883 [TestNG-tests-1] INFO  E2EFrameworkSample.samplePOMProject.LoginTest - Email is provided
13:51:30.785 [TestNG-tests-1] INFO  E2EFrameworkSample.samplePOMProject.LoginTest - Password is provided
13:51:31.620 [TestNG-tests-4] INFO  E2EFrameworkSample.samplePOMProject.SearchWithResultsTest - Navigated to item details
13:54:07.397 [main] INFO  E2EFrameworkSample.samplePOMProject.RestAssuredTest - Response has been printed!
21:43:43.716 [TestNG-tests-5] INFO  E2EFrameworkSample.samplePOMProject.LoginTest - Navigated to url
21:43:47.736 [TestNG-tests-3] INFO  E2EFrameworkSample.samplePOMProject.AddToListTest - Navigated to url
21:43:48.436 [TestNG-tests-4] INFO  E2EFrameworkSample.samplePOMProject.AddToCartRandomItemsTest - Navigated to url
21:43:53.623 [TestNG-tests-3] INFO  E2EFrameworkSample.samplePOMProject.AddToListTest - Search field is populated with text
21:43:55.394 [TestNG-tests-2] INFO  E2EFrameworkSample.samplePOMProject.SearchWithNoResultsTest - Search field is populated with text
21:43:55.555 [TestNG-tests-5] INFO  E2EFrameworkSample.samplePOMProject.LoginTest - Email is provided
21:43:56.361 [TestNG-tests-3] INFO  E2EFrameworkSample.samplePOMProject.AddToListTest - Result bar is diplayed. There were results!
21:43:57.655 [TestNG-tests-5] INFO  E2EFrameworkSample.samplePOMProject.LoginTest - Password is provided
21:43:58.174 [TestNG-tests-2] INFO  E2EFrameworkSample.samplePOMProject.SearchWithNoResultsTest - Result bar is not displayed- as expected
21:43:59.712 [TestNG-tests-1] INFO  E2EFrameworkSample.samplePOMProject.LoginTest - Navigated to url
21:43:59.716 [TestNG-tests-1] INFO  E2EFrameworkSample.samplePOMProject.HomePageTitleTest - Title of page is going to be verified
21:43:59.788 [TestNG-tests-1] INFO  E2EFrameworkSample.samplePOMProject.HomePageTitleTest - Title of page is verified
21:44:06.560 [TestNG-tests-5] INFO  E2EFrameworkSample.samplePOMProject.LoginTest - Email is provided
21:44:07.220 [TestNG-tests-1] INFO  E2EFrameworkSample.samplePOMProject.LoginTest - Email is provided
21:44:08.494 [TestNG-tests-5] INFO  E2EFrameworkSample.samplePOMProject.LoginTest - Password is provided
21:44:09.434 [TestNG-tests-4] INFO  E2EFrameworkSample.samplePOMProject.SearchWithResultsTest - Search field is populated with text
21:44:09.513 [TestNG-tests-1] INFO  E2EFrameworkSample.samplePOMProject.LoginTest - Password is provided
21:44:11.988 [TestNG-tests-4] INFO  E2EFrameworkSample.samplePOMProject.SearchWithResultsTest - Result bar is displayed. There were results!
21:44:15.535 [TestNG-tests-5] INFO  E2EFrameworkSample.samplePOMProject.RestAssuredTest - Response has been printed!
21:44:15.997 [TestNG-tests-5] INFO  E2EFrameworkSample.samplePOMProject.RestAssuredParametrizedTest - Logs has been printed!
21:44:16.203 [TestNG-tests-5] INFO  E2EFrameworkSample.samplePOMProject.RestAssuredParametrizedTest - Logs has been printed!
21:44:17.610 [TestNG-tests-4] INFO  E2EFrameworkSample.samplePOMProject.SearchWithResultsTest - Navigated to item details
21:46:42.446 [TestNG-tests-5] INFO  E2EFrameworkSample.samplePOMProject.LoginTest - Navigated to url
21:46:45.266 [TestNG-tests-3] INFO  E2EFrameworkSample.samplePOMProject.AddToListTest - Navigated to url
21:46:46.019 [TestNG-tests-4] INFO  E2EFrameworkSample.samplePOMProject.AddToCartRandomItemsTest - Navigated to url
21:46:52.532 [TestNG-tests-3] INFO  E2EFrameworkSample.samplePOMProject.AddToListTest - Search field is populated with text
21:46:53.043 [TestNG-tests-2] INFO  E2EFrameworkSample.samplePOMProject.SearchWithNoResultsTest - Search field is populated with text
21:46:55.030 [TestNG-tests-5] INFO  E2EFrameworkSample.samplePOMProject.LoginTest - Email is provided
21:46:55.333 [TestNG-tests-3] INFO  E2EFrameworkSample.samplePOMProject.AddToListTest - Result bar is diplayed. There were results!
21:46:56.112 [TestNG-tests-1] INFO  E2EFrameworkSample.samplePOMProject.LoginTest - Navigated to url
21:46:56.115 [TestNG-tests-1] INFO  E2EFrameworkSample.samplePOMProject.HomePageTitleTest - Title of page is going to be verified
21:46:56.190 [TestNG-tests-1] INFO  E2EFrameworkSample.samplePOMProject.HomePageTitleTest - Title of page is verified
21:46:56.643 [TestNG-tests-2] INFO  E2EFrameworkSample.samplePOMProject.SearchWithNoResultsTest - Result bar is not displayed- as expected
21:46:58.662 [TestNG-tests-5] INFO  E2EFrameworkSample.samplePOMProject.LoginTest - Password is provided
21:47:04.143 [TestNG-tests-4] INFO  E2EFrameworkSample.samplePOMProject.SearchWithResultsTest - Search field is populated with text
21:47:05.784 [TestNG-tests-1] INFO  E2EFrameworkSample.samplePOMProject.LoginTest - Email is provided
21:47:06.292 [TestNG-tests-5] INFO  E2EFrameworkSample.samplePOMProject.LoginTest - Email is provided
21:47:07.144 [TestNG-tests-4] INFO  E2EFrameworkSample.samplePOMProject.SearchWithResultsTest - Result bar is displayed. There were results!
21:47:08.468 [TestNG-tests-1] INFO  E2EFrameworkSample.samplePOMProject.LoginTest - Password is provided
21:47:08.591 [TestNG-tests-5] INFO  E2EFrameworkSample.samplePOMProject.LoginTest - Password is provided
21:47:11.735 [TestNG-tests-3] INFO  E2EFrameworkSample.samplePOMProject.RestAssuredTest - Response has been printed!
21:47:12.358 [TestNG-tests-3] INFO  E2EFrameworkSample.samplePOMProject.RestAssuredParametrizedTest - Logs has been printed!
21:47:12.623 [TestNG-tests-3] INFO  E2EFrameworkSample.samplePOMProject.RestAssuredParametrizedTest - Logs has been printed!
21:47:13.894 [TestNG-tests-4] INFO  E2EFrameworkSample.samplePOMProject.SearchWithResultsTest - Navigated to item details
21:47:14.477 [TestNG-tests-1] INFO  E2EFrameworkSample.samplePOMProject.LoginTest - Email is provided
21:47:15.886 [TestNG-tests-1] INFO  E2EFrameworkSample.samplePOMProject.LoginTest - Password is provided
21:04:28.291 [main] INFO  E2EFrameworkSample.samplePOMProject.RestAssuredParametrizedTest - Logs has been printed!
21:04:28.567 [main] INFO  E2EFrameworkSample.samplePOMProject.RestAssuredParametrizedTest - Logs has been printed!
18:04:21.266 [main] INFO  E2EFrameworkSample.samplePOMProject.LoginTest - Navigated to url
18:04:24.281 [main] INFO  E2EFrameworkSample.samplePOMProject.LoginTest - Email is provided
18:04:25.247 [main] INFO  E2EFrameworkSample.samplePOMProject.LoginTest - Password is provided
18:04:28.721 [main] INFO  E2EFrameworkSample.samplePOMProject.LoginTest - Email is provided
18:04:29.426 [main] INFO  E2EFrameworkSample.samplePOMProject.LoginTest - Password is provided
20:55:26.496 [TestNG-tests-5] INFO  E2EFrameworkSample.samplePOMProject.RestAssuredTest - Response has been printed!
20:55:26.959 [TestNG-tests-5] INFO  E2EFrameworkSample.samplePOMProject.RestAssuredParametrizedTest - Logs has been printed!
20:55:27.164 [TestNG-tests-5] INFO  E2EFrameworkSample.samplePOMProject.RestAssuredParametrizedTest - Logs has been printed!
21:00:50.760 [TestNG-tests-5] INFO  E2EFrameworkSample.samplePOMProject.LoginTest - Navigated to url
21:00:54.006 [TestNG-tests-4] INFO  E2EFrameworkSample.samplePOMProject.AddToCartRandomItemsTest - Navigated to url
21:00:55.700 [TestNG-tests-3] INFO  E2EFrameworkSample.samplePOMProject.AddToListTest - Navigated to url
21:00:56.979 [TestNG-tests-2] INFO  E2EFrameworkSample.samplePOMProject.SearchWithNoResultsTest - Search field is populated with text
21:01:00.151 [TestNG-tests-3] INFO  E2EFrameworkSample.samplePOMProject.AddToListTest - Search field is populated with text
21:01:00.552 [TestNG-tests-5] INFO  E2EFrameworkSample.samplePOMProject.LoginTest - Email is provided
21:01:01.272 [TestNG-tests-2] INFO  E2EFrameworkSample.samplePOMProject.SearchWithNoResultsTest - Result bar is not displayed- as expected
21:01:03.141 [TestNG-tests-5] INFO  E2EFrameworkSample.samplePOMProject.LoginTest - Password is provided
21:01:03.909 [TestNG-tests-1] INFO  E2EFrameworkSample.samplePOMProject.LoginTest - Navigated to url
21:01:03.912 [TestNG-tests-1] INFO  E2EFrameworkSample.samplePOMProject.HomePageTitleTest - Title of page is going to be verified
21:01:03.993 [TestNG-tests-1] INFO  E2EFrameworkSample.samplePOMProject.HomePageTitleTest - Title of page is verified
21:01:04.427 [TestNG-tests-3] INFO  E2EFrameworkSample.samplePOMProject.AddToListTest - Result bar is diplayed. There were results!
21:01:06.982 [TestNG-tests-4] INFO  E2EFrameworkSample.samplePOMProject.SearchWithResultsTest - Search field is populated with text
21:01:09.331 [TestNG-tests-4] INFO  E2EFrameworkSample.samplePOMProject.SearchWithResultsTest - Result bar is displayed. There were results!
21:01:10.864 [TestNG-tests-1] INFO  E2EFrameworkSample.samplePOMProject.LoginTest - Email is provided
21:01:11.636 [TestNG-tests-5] INFO  E2EFrameworkSample.samplePOMProject.LoginTest - Email is provided
21:01:12.285 [TestNG-tests-1] INFO  E2EFrameworkSample.samplePOMProject.LoginTest - Password is provided
21:01:13.159 [TestNG-tests-5] INFO  E2EFrameworkSample.samplePOMProject.LoginTest - Password is provided
21:01:16.967 [TestNG-tests-2] INFO  E2EFrameworkSample.samplePOMProject.RestAssuredTest - Response has been printed!
21:01:17.455 [TestNG-tests-4] INFO  E2EFrameworkSample.samplePOMProject.SearchWithResultsTest - Navigated to item details
21:01:17.486 [TestNG-tests-2] INFO  E2EFrameworkSample.samplePOMProject.RestAssuredParametrizedTest - Logs has been printed!
21:01:17.803 [TestNG-tests-2] INFO  E2EFrameworkSample.samplePOMProject.RestAssuredParametrizedTest - Logs has been printed!
23:22:54.772 [main] INFO  E2EFrameworkSample.samplePOMProject.LoginTest - Navigated to url
23:22:58.120 [main] INFO  E2EFrameworkSample.samplePOMProject.LoginTest - Email is provided
23:22:59.052 [main] INFO  E2EFrameworkSample.samplePOMProject.LoginTest - Password is provided
23:23:01.911 [main] INFO  E2EFrameworkSample.samplePOMProject.LoginTest - Email is provided
23:23:02.642 [main] INFO  E2EFrameworkSample.samplePOMProject.LoginTest - Password is provided
23:23:51.149 [TestNG-tests-1] INFO  E2EFrameworkSample.samplePOMProject.LoginTest - Navigated to url
23:23:51.188 [TestNG-tests-1] INFO  E2EFrameworkSample.samplePOMProject.HomePageTitleTest - Title of page is going to be verified
23:23:51.202 [TestNG-tests-1] INFO  E2EFrameworkSample.samplePOMProject.HomePageTitleTest - Title of page is verified
23:23:54.370 [TestNG-tests-1] INFO  E2EFrameworkSample.samplePOMProject.LoginTest - Email is provided
23:23:55.093 [TestNG-tests-1] INFO  E2EFrameworkSample.samplePOMProject.LoginTest - Password is provided
